Terminais não usados na gramática

    ARROW
    RESERVED


Gramática

    0 $accept: Program $end

    1 Program: CLASS ID LBRACE MethodFieldSemicolonRep RBRACE

    2 MethodFieldSemicolonRep: MethodDecl MethodFieldSemicolonRep
    3                        | FieldDecl MethodFieldSemicolonRep
    4                        | SEMICOLON MethodFieldSemicolonRep
    5                        | ε

    6 MethodDecl: PUBLIC STATIC MethodHeader MethodBody

    7 FieldDecl: PUBLIC STATIC Type ID CommaIdRep SEMICOLON
    8          | error SEMICOLON

    9 CommaIdRep: COMMA ID CommaIdRep
   10           | ε

   11 Type: BOOL
   12     | INT
   13     | DOUBLE

   14 MethodHeader: Type ID LPAR FormalParams RPAR
   15             | VOID ID LPAR FormalParams RPAR
   16             | Type ID LPAR RPAR
   17             | VOID ID LPAR RPAR

   18 FormalParams: Type ID CommaTypeIdRep
   19             | STRING LSQ RSQ ID

   20 CommaTypeIdRep: COMMA Type ID CommaTypeIdRep
   21               | ε

   22 MethodBody: LBRACE StatementVarRep RBRACE

   23 StatementVarRep: Statement StatementVarRep
   24                | VarDecl StatementVarRep
   25                | ε

   26 VarDecl: Type ID CommaIdRep SEMICOLON

   27 Statement: LBRACE StatementRep RBRACE
   28          | IF LPAR Expr RPAR Statement ELSE Statement
   29          | IF LPAR Expr RPAR Statement
   30          | WHILE LPAR Expr RPAR Statement
   31          | RETURN Expr SEMICOLON
   32          | RETURN SEMICOLON
   33          | PRINT LPAR Expr RPAR SEMICOLON
   34          | PRINT LPAR STRLIT RPAR SEMICOLON
   35          | MethodInvocation SEMICOLON
   36          | Assignment SEMICOLON
   37          | ParseArgs SEMICOLON
   38          | SEMICOLON
   39          | error SEMICOLON

   40 StatementRep: Statement StatementRep
   41             | ε

   42 MethodInvocation: ID LPAR RPAR
   43                 | ID LPAR Expr CommaExprRep RPAR
   44                 | ID LPAR error RPAR

   45 CommaExprRep: COMMA Expr CommaExprRep
   46             | ε

   47 Assignment: ID ASSIGN Expr

   48 ParseArgs: PARSEINT LPAR ID LSQ Expr RSQ RPAR
   49          | PARSEINT LPAR error RPAR

   50 Expr: ExprOp
   51     | Assignment

   52 ExprOp: LPAR Expr RPAR
   53       | MethodInvocation
   54       | ParseArgs
   55       | ID
   56       | ID DOTLENGTH
   57       | INTLIT
   58       | REALLIT
   59       | BOOLLIT
   60       | MINUS ExprOp
   61       | NOT ExprOp
   62       | PLUS ExprOp
   63       | ExprOp PLUS ExprOp
   64       | ExprOp MINUS ExprOp
   65       | ExprOp STAR ExprOp
   66       | ExprOp DIV ExprOp
   67       | ExprOp MOD ExprOp
   68       | ExprOp AND ExprOp
   69       | ExprOp OR ExprOp
   70       | ExprOp XOR ExprOp
   71       | ExprOp LSHIFT ExprOp
   72       | ExprOp RSHIFT ExprOp
   73       | ExprOp EQ ExprOp
   74       | ExprOp GE ExprOp
   75       | ExprOp GT ExprOp
   76       | ExprOp LE ExprOp
   77       | ExprOp LT ExprOp
   78       | ExprOp NE ExprOp
   79       | LPAR error RPAR


Terminais, com regras onde aparecem

    $end (0) 0
    error (256) 8 39 44 49 79
    ID <id> (258) 1 7 9 14 15 16 17 18 19 20 26 42 43 44 47 48 55 56
    INTLIT <id> (259) 57
    REALLIT <id> (260) 58
    BOOLLIT <id> (261) 59
    STRLIT <id> (262) 34
    AND (263) 68
    ASSIGN (264) 47
    BOOL (265) 11
    STAR (266) 65
    COMMA (267) 9 20 45
    DIV (268) 66
    EQ (269) 73
    GE (270) 74
    GT (271) 75
    LBRACE (272) 1 22 27
    LE (273) 76
    LPAR (274) 14 15 16 17 28 29 30 33 34 42 43 44 48 49 52 79
    LSQ (275) 19 48
    LT (276) 77
    MINUS (277) 60 64
    MOD (278) 67
    NE (279) 78
    NOT (280) 61
    OR (281) 69
    PLUS (282) 62 63
    RBRACE (283) 1 22 27
    RPAR (284) 14 15 16 17 28 29 30 33 34 42 43 44 48 49 52 79
    RSQ (285) 19 48
    SEMICOLON (286) 4 7 8 26 31 32 33 34 35 36 37 38 39
    ARROW (287)
    LSHIFT (288) 71
    RSHIFT (289) 72
    XOR (290) 70
    CLASS (291) 1
    DOTLENGTH (292) 56
    DOUBLE (293) 13
    ELSE (294) 28
    IF (295) 28 29
    INT (296) 12
    PRINT (297) 33 34
    PARSEINT (298) 48 49
    PUBLIC (299) 6 7
    RETURN (300) 31 32
    STATIC (301) 6 7
    STRING (302) 19
    VOID (303) 15 17
    WHILE (304) 30
    RESERVED (305)


Não terminais, com regras onde aparecem

    $accept (51)
        à esquerda: 0
    Program <node> (52)
        à esquerda: 1
        à direita: 0
    MethodFieldSemicolonRep <node> (53)
        à esquerda: 2 3 4 5
        à direita: 1 2 3 4
    MethodDecl <node> (54)
        à esquerda: 6
        à direita: 2
    FieldDecl <node> (55)
        à esquerda: 7 8
        à direita: 3
    CommaIdRep <node> (56)
        à esquerda: 9 10
        à direita: 7 9 26
    Type <node> (57)
        à esquerda: 11 12 13
        à direita: 7 14 16 18 20 26
    MethodHeader <node> (58)
        à esquerda: 14 15 16 17
        à direita: 6
    FormalParams <node> (59)
        à esquerda: 18 19
        à direita: 14 15
    CommaTypeIdRep <node> (60)
        à esquerda: 20 21
        à direita: 18 20
    MethodBody <node> (61)
        à esquerda: 22
        à direita: 6
    StatementVarRep <node> (62)
        à esquerda: 23 24 25
        à direita: 22 23 24
    VarDecl <node> (63)
        à esquerda: 26
        à direita: 24
    Statement <node> (64)
        à esquerda: 27 28 29 30 31 32 33 34 35 36 37 38 39
        à direita: 23 28 29 30 40
    StatementRep <node> (65)
        à esquerda: 40 41
        à direita: 27 40
    MethodInvocation <node> (66)
        à esquerda: 42 43 44
        à direita: 35 53
    CommaExprRep <node> (67)
        à esquerda: 45 46
        à direita: 43 45
    Assignment <node> (68)
        à esquerda: 47
        à direita: 36 51
    ParseArgs <node> (69)
        à esquerda: 48 49
        à direita: 37 54
    Expr <node> (70)
        à esquerda: 50 51
        à direita: 28 29 30 31 33 43 45 47 48 52
    ExprOp <node> (71)
        à esquerda: 52 53 54 55 56 57 58 59 60 61 62 63 64 65 66 67 68 69 70 71 72 73 74 75 76 77 78 79
        à direita: 50 60 61 62 63 64 65 66 67 68 69 70 71 72 73 74 75 76 77 78


Estado 0

    0 $accept: • Program $end

    CLASS  troca e vai para estado 1

    Program  vai para estado 2


Estado 1

    1 Program: CLASS • ID LBRACE MethodFieldSemicolonRep RBRACE

    ID  troca e vai para estado 3


Estado 2

    0 $accept: Program • $end

    $end  troca e vai para estado 4


Estado 3

    1 Program: CLASS ID • LBRACE MethodFieldSemicolonRep RBRACE

    LBRACE  troca e vai para estado 5


Estado 4

    0 $accept: Program $end •

    $default  aceitar


Estado 5

    1 Program: CLASS ID LBRACE • MethodFieldSemicolonRep RBRACE

    error      troca e vai para estado 6
    SEMICOLON  troca e vai para estado 7
    PUBLIC     troca e vai para estado 8

    RBRACE  redução com regra 5 (MethodFieldSemicolonRep)

    MethodFieldSemicolonRep  vai para estado 9
    MethodDecl               vai para estado 10
    FieldDecl                vai para estado 11


Estado 6

    8 FieldDecl: error • SEMICOLON

    SEMICOLON  troca e vai para estado 12


Estado 7

    4 MethodFieldSemicolonRep: SEMICOLON • MethodFieldSemicolonRep

    error      troca e vai para estado 6
    SEMICOLON  troca e vai para estado 7
    PUBLIC     troca e vai para estado 8

    RBRACE  redução com regra 5 (MethodFieldSemicolonRep)

    MethodFieldSemicolonRep  vai para estado 13
    MethodDecl               vai para estado 10
    FieldDecl                vai para estado 11


Estado 8

    6 MethodDecl: PUBLIC • STATIC MethodHeader MethodBody
    7 FieldDecl: PUBLIC • STATIC Type ID CommaIdRep SEMICOLON

    STATIC  troca e vai para estado 14


Estado 9

    1 Program: CLASS ID LBRACE MethodFieldSemicolonRep • RBRACE

    RBRACE  troca e vai para estado 15


Estado 10

    2 MethodFieldSemicolonRep: MethodDecl • MethodFieldSemicolonRep

    error      troca e vai para estado 6
    SEMICOLON  troca e vai para estado 7
    PUBLIC     troca e vai para estado 8

    RBRACE  redução com regra 5 (MethodFieldSemicolonRep)

    MethodFieldSemicolonRep  vai para estado 16
    MethodDecl               vai para estado 10
    FieldDecl                vai para estado 11


Estado 11

    3 MethodFieldSemicolonRep: FieldDecl • MethodFieldSemicolonRep

    error      troca e vai para estado 6
    SEMICOLON  troca e vai para estado 7
    PUBLIC     troca e vai para estado 8

    RBRACE  redução com regra 5 (MethodFieldSemicolonRep)

    MethodFieldSemicolonRep  vai para estado 17
    MethodDecl               vai para estado 10
    FieldDecl                vai para estado 11


Estado 12

    8 FieldDecl: error SEMICOLON •

    $default  redução com regra 8 (FieldDecl)


Estado 13

    4 MethodFieldSemicolonRep: SEMICOLON MethodFieldSemicolonRep •

    $default  redução com regra 4 (MethodFieldSemicolonRep)


Estado 14

    6 MethodDecl: PUBLIC STATIC • MethodHeader MethodBody
    7 FieldDecl: PUBLIC STATIC • Type ID CommaIdRep SEMICOLON

    BOOL    troca e vai para estado 18
    DOUBLE  troca e vai para estado 19
    INT     troca e vai para estado 20
    VOID    troca e vai para estado 21

    Type          vai para estado 22
    MethodHeader  vai para estado 23


Estado 15

    1 Program: CLASS ID LBRACE MethodFieldSemicolonRep RBRACE •

    $default  redução com regra 1 (Program)


Estado 16

    2 MethodFieldSemicolonRep: MethodDecl MethodFieldSemicolonRep •

    $default  redução com regra 2 (MethodFieldSemicolonRep)


Estado 17

    3 MethodFieldSemicolonRep: FieldDecl MethodFieldSemicolonRep •

    $default  redução com regra 3 (MethodFieldSemicolonRep)


Estado 18

   11 Type: BOOL •

    $default  redução com regra 11 (Type)


Estado 19

   13 Type: DOUBLE •

    $default  redução com regra 13 (Type)


Estado 20

   12 Type: INT •

    $default  redução com regra 12 (Type)


Estado 21

   15 MethodHeader: VOID • ID LPAR FormalParams RPAR
   17             | VOID • ID LPAR RPAR

    ID  troca e vai para estado 24


Estado 22

    7 FieldDecl: PUBLIC STATIC Type • ID CommaIdRep SEMICOLON
   14 MethodHeader: Type • ID LPAR FormalParams RPAR
   16             | Type • ID LPAR RPAR

    ID  troca e vai para estado 25


Estado 23

    6 MethodDecl: PUBLIC STATIC MethodHeader • MethodBody

    LBRACE  troca e vai para estado 26

    MethodBody  vai para estado 27


Estado 24

   15 MethodHeader: VOID ID • LPAR FormalParams RPAR
   17             | VOID ID • LPAR RPAR

    LPAR  troca e vai para estado 28


Estado 25

    7 FieldDecl: PUBLIC STATIC Type ID • CommaIdRep SEMICOLON
   14 MethodHeader: Type ID • LPAR FormalParams RPAR
   16             | Type ID • LPAR RPAR

    COMMA  troca e vai para estado 29
    LPAR   troca e vai para estado 30

    $default  redução com regra 10 (CommaIdRep)

    CommaIdRep  vai para estado 31


Estado 26

   22 MethodBody: LBRACE • StatementVarRep RBRACE

    error      troca e vai para estado 32
    ID         troca e vai para estado 33
    BOOL       troca e vai para estado 18
    LBRACE     troca e vai para estado 34
    SEMICOLON  troca e vai para estado 35
    DOUBLE     troca e vai para estado 19
    IF         troca e vai para estado 36
    INT        troca e vai para estado 20
    PRINT      troca e vai para estado 37
    PARSEINT   troca e vai para estado 38
    RETURN     troca e vai para estado 39
    WHILE      troca e vai para estado 40

    RBRACE  redução com regra 25 (StatementVarRep)

    Type              vai para estado 41
    StatementVarRep   vai para estado 42
    VarDecl           vai para estado 43
    Statement         vai para estado 44
    MethodInvocation  vai para estado 45
    Assignment        vai para estado 46
    ParseArgs         vai para estado 47


Estado 27

    6 MethodDecl: PUBLIC STATIC MethodHeader MethodBody •

    $default  redução com regra 6 (MethodDecl)


Estado 28

   15 MethodHeader: VOID ID LPAR • FormalParams RPAR
   17             | VOID ID LPAR • RPAR

    BOOL    troca e vai para estado 18
    RPAR    troca e vai para estado 48
    DOUBLE  troca e vai para estado 19
    INT     troca e vai para estado 20
    STRING  troca e vai para estado 49

    Type          vai para estado 50
    FormalParams  vai para estado 51


Estado 29

    9 CommaIdRep: COMMA • ID CommaIdRep

    ID  troca e vai para estado 52


Estado 30

   14 MethodHeader: Type ID LPAR • FormalParams RPAR
   16             | Type ID LPAR • RPAR

    BOOL    troca e vai para estado 18
    RPAR    troca e vai para estado 53
    DOUBLE  troca e vai para estado 19
    INT     troca e vai para estado 20
    STRING  troca e vai para estado 49

    Type          vai para estado 50
    FormalParams  vai para estado 54


Estado 31

    7 FieldDecl: PUBLIC STATIC Type ID CommaIdRep • SEMICOLON

    SEMICOLON  troca e vai para estado 55


Estado 32

   39 Statement: error • SEMICOLON

    SEMICOLON  troca e vai para estado 56


Estado 33

   42 MethodInvocation: ID • LPAR RPAR
   43                 | ID • LPAR Expr CommaExprRep RPAR
   44                 | ID • LPAR error RPAR
   47 Assignment: ID • ASSIGN Expr

    ASSIGN  troca e vai para estado 57
    LPAR    troca e vai para estado 58


Estado 34

   27 Statement: LBRACE • StatementRep RBRACE

    error      troca e vai para estado 32
    ID         troca e vai para estado 33
    LBRACE     troca e vai para estado 34
    SEMICOLON  troca e vai para estado 35
    IF         troca e vai para estado 36
    PRINT      troca e vai para estado 37
    PARSEINT   troca e vai para estado 38
    RETURN     troca e vai para estado 39
    WHILE      troca e vai para estado 40

    RBRACE  redução com regra 41 (StatementRep)

    Statement         vai para estado 59
    StatementRep      vai para estado 60
    MethodInvocation  vai para estado 45
    Assignment        vai para estado 46
    ParseArgs         vai para estado 47


Estado 35

   38 Statement: SEMICOLON •

    $default  redução com regra 38 (Statement)


Estado 36

   28 Statement: IF • LPAR Expr RPAR Statement ELSE Statement
   29          | IF • LPAR Expr RPAR Statement

    LPAR  troca e vai para estado 61


Estado 37

   33 Statement: PRINT • LPAR Expr RPAR SEMICOLON
   34          | PRINT • LPAR STRLIT RPAR SEMICOLON

    LPAR  troca e vai para estado 62


Estado 38

   48 ParseArgs: PARSEINT • LPAR ID LSQ Expr RSQ RPAR
   49          | PARSEINT • LPAR error RPAR

    LPAR  troca e vai para estado 63


Estado 39

   31 Statement: RETURN • Expr SEMICOLON
   32          | RETURN • SEMICOLON

    ID         troca e vai para estado 64
    INTLIT     troca e vai para estado 65
    REALLIT    troca e vai para estado 66
    BOOLLIT    troca e vai para estado 67
    LPAR       troca e vai para estado 68
    MINUS      troca e vai para estado 69
    NOT        troca e vai para estado 70
    PLUS       troca e vai para estado 71
    SEMICOLON  troca e vai para estado 72
    PARSEINT   troca e vai para estado 38

    MethodInvocation  vai para estado 73
    Assignment        vai para estado 74
    ParseArgs         vai para estado 75
    Expr              vai para estado 76
    ExprOp            vai para estado 77


Estado 40

   30 Statement: WHILE • LPAR Expr RPAR Statement

    LPAR  troca e vai para estado 78


Estado 41

   26 VarDecl: Type • ID CommaIdRep SEMICOLON

    ID  troca e vai para estado 79


Estado 42

   22 MethodBody: LBRACE StatementVarRep • RBRACE

    RBRACE  troca e vai para estado 80


Estado 43

   24 StatementVarRep: VarDecl • StatementVarRep

    error      troca e vai para estado 32
    ID         troca e vai para estado 33
    BOOL       troca e vai para estado 18
    LBRACE     troca e vai para estado 34
    SEMICOLON  troca e vai para estado 35
    DOUBLE     troca e vai para estado 19
    IF         troca e vai para estado 36
    INT        troca e vai para estado 20
    PRINT      troca e vai para estado 37
    PARSEINT   troca e vai para estado 38
    RETURN     troca e vai para estado 39
    WHILE      troca e vai para estado 40

    RBRACE  redução com regra 25 (StatementVarRep)

    Type              vai para estado 41
    StatementVarRep   vai para estado 81
    VarDecl           vai para estado 43
    Statement         vai para estado 44
    MethodInvocation  vai para estado 45
    Assignment        vai para estado 46
    ParseArgs         vai para estado 47


Estado 44

   23 StatementVarRep: Statement • StatementVarRep

    error      troca e vai para estado 32
    ID         troca e vai para estado 33
    BOOL       troca e vai para estado 18
    LBRACE     troca e vai para estado 34
    SEMICOLON  troca e vai para estado 35
    DOUBLE     troca e vai para estado 19
    IF         troca e vai para estado 36
    INT        troca e vai para estado 20
    PRINT      troca e vai para estado 37
    PARSEINT   troca e vai para estado 38
    RETURN     troca e vai para estado 39
    WHILE      troca e vai para estado 40

    RBRACE  redução com regra 25 (StatementVarRep)

    Type              vai para estado 41
    StatementVarRep   vai para estado 82
    VarDecl           vai para estado 43
    Statement         vai para estado 44
    MethodInvocation  vai para estado 45
    Assignment        vai para estado 46
    ParseArgs         vai para estado 47


Estado 45

   35 Statement: MethodInvocation • SEMICOLON

    SEMICOLON  troca e vai para estado 83


Estado 46

   36 Statement: Assignment • SEMICOLON

    SEMICOLON  troca e vai para estado 84


Estado 47

   37 Statement: ParseArgs • SEMICOLON

    SEMICOLON  troca e vai para estado 85


Estado 48

   17 MethodHeader: VOID ID LPAR RPAR •

    $default  redução com regra 17 (MethodHeader)


Estado 49

   19 FormalParams: STRING • LSQ RSQ ID

    LSQ  troca e vai para estado 86


Estado 50

   18 FormalParams: Type • ID CommaTypeIdRep

    ID  troca e vai para estado 87


Estado 51

   15 MethodHeader: VOID ID LPAR FormalParams • RPAR

    RPAR  troca e vai para estado 88


Estado 52

    9 CommaIdRep: COMMA ID • CommaIdRep

    COMMA  troca e vai para estado 29

    $default  redução com regra 10 (CommaIdRep)

    CommaIdRep  vai para estado 89


Estado 53

   16 MethodHeader: Type ID LPAR RPAR •

    $default  redução com regra 16 (MethodHeader)


Estado 54

   14 MethodHeader: Type ID LPAR FormalParams • RPAR

    RPAR  troca e vai para estado 90


Estado 55

    7 FieldDecl: PUBLIC STATIC Type ID CommaIdRep SEMICOLON •

    $default  redução com regra 7 (FieldDecl)


Estado 56

   39 Statement: error SEMICOLON •

    $default  redução com regra 39 (Statement)


Estado 57

   47 Assignment: ID ASSIGN • Expr

    ID        troca e vai para estado 64
    INTLIT    troca e vai para estado 65
    REALLIT   troca e vai para estado 66
    BOOLLIT   troca e vai para estado 67
    LPAR      troca e vai para estado 68
    MINUS     troca e vai para estado 69
    NOT       troca e vai para estado 70
    PLUS      troca e vai para estado 71
    PARSEINT  troca e vai para estado 38

    MethodInvocation  vai para estado 73
    Assignment        vai para estado 74
    ParseArgs         vai para estado 75
    Expr              vai para estado 91
    ExprOp            vai para estado 77


Estado 58

   42 MethodInvocation: ID LPAR • RPAR
   43                 | ID LPAR • Expr CommaExprRep RPAR
   44                 | ID LPAR • error RPAR

    error     troca e vai para estado 92
    ID        troca e vai para estado 64
    INTLIT    troca e vai para estado 65
    REALLIT   troca e vai para estado 66
    BOOLLIT   troca e vai para estado 67
    LPAR      troca e vai para estado 68
    MINUS     troca e vai para estado 69
    NOT       troca e vai para estado 70
    PLUS      troca e vai para estado 71
    RPAR      troca e vai para estado 93
    PARSEINT  troca e vai para estado 38

    MethodInvocation  vai para estado 73
    Assignment        vai para estado 74
    ParseArgs         vai para estado 75
    Expr              vai para estado 94
    ExprOp            vai para estado 77


Estado 59

   40 StatementRep: Statement • StatementRep

    error      troca e vai para estado 32
    ID         troca e vai para estado 33
    LBRACE     troca e vai para estado 34
    SEMICOLON  troca e vai para estado 35
    IF         troca e vai para estado 36
    PRINT      troca e vai para estado 37
    PARSEINT   troca e vai para estado 38
    RETURN     troca e vai para estado 39
    WHILE      troca e vai para estado 40

    RBRACE  redução com regra 41 (StatementRep)

    Statement         vai para estado 59
    StatementRep      vai para estado 95
    MethodInvocation  vai para estado 45
    Assignment        vai para estado 46
    ParseArgs         vai para estado 47


Estado 60

   27 Statement: LBRACE StatementRep • RBRACE

    RBRACE  troca e vai para estado 96


Estado 61

   28 Statement: IF LPAR • Expr RPAR Statement ELSE Statement
   29          | IF LPAR • Expr RPAR Statement

    ID        troca e vai para estado 64
    INTLIT    troca e vai para estado 65
    REALLIT   troca e vai para estado 66
    BOOLLIT   troca e vai para estado 67
    LPAR      troca e vai para estado 68
    MINUS     troca e vai para estado 69
    NOT       troca e vai para estado 70
    PLUS      troca e vai para estado 71
    PARSEINT  troca e vai para estado 38

    MethodInvocation  vai para estado 73
    Assignment        vai para estado 74
    ParseArgs         vai para estado 75
    Expr              vai para estado 97
    ExprOp            vai para estado 77


Estado 62

   33 Statement: PRINT LPAR • Expr RPAR SEMICOLON
   34          | PRINT LPAR • STRLIT RPAR SEMICOLON

    ID        troca e vai para estado 64
    INTLIT    troca e vai para estado 65
    REALLIT   troca e vai para estado 66
    BOOLLIT   troca e vai para estado 67
    STRLIT    troca e vai para estado 98
    LPAR      troca e vai para estado 68
    MINUS     troca e vai para estado 69
    NOT       troca e vai para estado 70
    PLUS      troca e vai para estado 71
    PARSEINT  troca e vai para estado 38

    MethodInvocation  vai para estado 73
    Assignment        vai para estado 74
    ParseArgs         vai para estado 75
    Expr              vai para estado 99
    ExprOp            vai para estado 77


Estado 63

   48 ParseArgs: PARSEINT LPAR • ID LSQ Expr RSQ RPAR
   49          | PARSEINT LPAR • error RPAR

    error  troca e vai para estado 100
    ID     troca e vai para estado 101


Estado 64

   42 MethodInvocation: ID • LPAR RPAR
   43                 | ID • LPAR Expr CommaExprRep RPAR
   44                 | ID • LPAR error RPAR
   47 Assignment: ID • ASSIGN Expr
   55 ExprOp: ID •
   56       | ID • DOTLENGTH

    ASSIGN     troca e vai para estado 57
    LPAR       troca e vai para estado 58
    DOTLENGTH  troca e vai para estado 102

    $default  redução com regra 55 (ExprOp)


Estado 65

   57 ExprOp: INTLIT •

    $default  redução com regra 57 (ExprOp)


Estado 66

   58 ExprOp: REALLIT •

    $default  redução com regra 58 (ExprOp)


Estado 67

   59 ExprOp: BOOLLIT •

    $default  redução com regra 59 (ExprOp)


Estado 68

   52 ExprOp: LPAR • Expr RPAR
   79       | LPAR • error RPAR

    error     troca e vai para estado 103
    ID        troca e vai para estado 64
    INTLIT    troca e vai para estado 65
    REALLIT   troca e vai para estado 66
    BOOLLIT   troca e vai para estado 67
    LPAR      troca e vai para estado 68
    MINUS     troca e vai para estado 69
    NOT       troca e vai para estado 70
    PLUS      troca e vai para estado 71
    PARSEINT  troca e vai para estado 38

    MethodInvocation  vai para estado 73
    Assignment        vai para estado 74
    ParseArgs         vai para estado 75
    Expr              vai para estado 104
    ExprOp            vai para estado 77


Estado 69

   60 ExprOp: MINUS • ExprOp

    ID        troca e vai para estado 105
    INTLIT    troca e vai para estado 65
    REALLIT   troca e vai para estado 66
    BOOLLIT   troca e vai para estado 67
    LPAR      troca e vai para estado 68
    MINUS     troca e vai para estado 69
    NOT       troca e vai para estado 70
    PLUS      troca e vai para estado 71
    PARSEINT  troca e vai para estado 38

    MethodInvocation  vai para estado 73
    ParseArgs         vai para estado 75
    ExprOp            vai para estado 106


Estado 70

   61 ExprOp: NOT • ExprOp

    ID        troca e vai para estado 105
    INTLIT    troca e vai para estado 65
    REALLIT   troca e vai para estado 66
    BOOLLIT   troca e vai para estado 67
    LPAR      troca e vai para estado 68
    MINUS     troca e vai para estado 69
    NOT       troca e vai para estado 70
    PLUS      troca e vai para estado 71
    PARSEINT  troca e vai para estado 38

    MethodInvocation  vai para estado 73
    ParseArgs         vai para estado 75
    ExprOp            vai para estado 107


Estado 71

   62 ExprOp: PLUS • ExprOp

    ID        troca e vai para estado 105
    INTLIT    troca e vai para estado 65
    REALLIT   troca e vai para estado 66
    BOOLLIT   troca e vai para estado 67
    LPAR      troca e vai para estado 68
    MINUS     troca e vai para estado 69
    NOT       troca e vai para estado 70
    PLUS      troca e vai para estado 71
    PARSEINT  troca e vai para estado 38

    MethodInvocation  vai para estado 73
    ParseArgs         vai para estado 75
    ExprOp            vai para estado 108


Estado 72

   32 Statement: RETURN SEMICOLON •

    $default  redução com regra 32 (Statement)


Estado 73

   53 ExprOp: MethodInvocation •

    $default  redução com regra 53 (ExprOp)


Estado 74

   51 Expr: Assignment •

    $default  redução com regra 51 (Expr)


Estado 75

   54 ExprOp: ParseArgs •

    $default  redução com regra 54 (ExprOp)


Estado 76

   31 Statement: RETURN Expr • SEMICOLON

    SEMICOLON  troca e vai para estado 109


Estado 77

   50 Expr: ExprOp •
   63 ExprOp: ExprOp • PLUS ExprOp
   64       | ExprOp • MINUS ExprOp
   65       | ExprOp • STAR ExprOp
   66       | ExprOp • DIV ExprOp
   67       | ExprOp • MOD ExprOp
   68       | ExprOp • AND ExprOp
   69       | ExprOp • OR ExprOp
   70       | ExprOp • XOR ExprOp
   71       | ExprOp • LSHIFT ExprOp
   72       | ExprOp • RSHIFT ExprOp
   73       | ExprOp • EQ ExprOp
   74       | ExprOp • GE ExprOp
   75       | ExprOp • GT ExprOp
   76       | ExprOp • LE ExprOp
   77       | ExprOp • LT ExprOp
   78       | ExprOp • NE ExprOp

    AND     troca e vai para estado 110
    STAR    troca e vai para estado 111
    DIV     troca e vai para estado 112
    EQ      troca e vai para estado 113
    GE      troca e vai para estado 114
    GT      troca e vai para estado 115
    LE      troca e vai para estado 116
    LT      troca e vai para estado 117
    MINUS   troca e vai para estado 118
    MOD     troca e vai para estado 119
    NE      troca e vai para estado 120
    OR      troca e vai para estado 121
    PLUS    troca e vai para estado 122
    LSHIFT  troca e vai para estado 123
    RSHIFT  troca e vai para estado 124
    XOR     troca e vai para estado 125

    $default  redução com regra 50 (Expr)


Estado 78

   30 Statement: WHILE LPAR • Expr RPAR Statement

    ID        troca e vai para estado 64
    INTLIT    troca e vai para estado 65
    REALLIT   troca e vai para estado 66
    BOOLLIT   troca e vai para estado 67
    LPAR      troca e vai para estado 68
    MINUS     troca e vai para estado 69
    NOT       troca e vai para estado 70
    PLUS      troca e vai para estado 71
    PARSEINT  troca e vai para estado 38

    MethodInvocation  vai para estado 73
    Assignment        vai para estado 74
    ParseArgs         vai para estado 75
    Expr              vai para estado 126
    ExprOp            vai para estado 77


Estado 79

   26 VarDecl: Type ID • CommaIdRep SEMICOLON

    COMMA  troca e vai para estado 29

    $default  redução com regra 10 (CommaIdRep)

    CommaIdRep  vai para estado 127


Estado 80

   22 MethodBody: LBRACE StatementVarRep RBRACE •

    $default  redução com regra 22 (MethodBody)


Estado 81

   24 StatementVarRep: VarDecl StatementVarRep •

    $default  redução com regra 24 (StatementVarRep)


Estado 82

   23 StatementVarRep: Statement StatementVarRep •

    $default  redução com regra 23 (StatementVarRep)


Estado 83

   35 Statement: MethodInvocation SEMICOLON •

    $default  redução com regra 35 (Statement)


Estado 84

   36 Statement: Assignment SEMICOLON •

    $default  redução com regra 36 (Statement)


Estado 85

   37 Statement: ParseArgs SEMICOLON •

    $default  redução com regra 37 (Statement)


Estado 86

   19 FormalParams: STRING LSQ • RSQ ID

    RSQ  troca e vai para estado 128


Estado 87

   18 FormalParams: Type ID • CommaTypeIdRep

    COMMA  troca e vai para estado 129

    $default  redução com regra 21 (CommaTypeIdRep)

    CommaTypeIdRep  vai para estado 130


Estado 88

   15 MethodHeader: VOID ID LPAR FormalParams RPAR •

    $default  redução com regra 15 (MethodHeader)


Estado 89

    9 CommaIdRep: COMMA ID CommaIdRep •

    $default  redução com regra 9 (CommaIdRep)


Estado 90

   14 MethodHeader: Type ID LPAR FormalParams RPAR •

    $default  redução com regra 14 (MethodHeader)


Estado 91

   47 Assignment: ID ASSIGN Expr •

    $default  redução com regra 47 (Assignment)


Estado 92

   44 MethodInvocation: ID LPAR error • RPAR

    RPAR  troca e vai para estado 131


Estado 93

   42 MethodInvocation: ID LPAR RPAR •

    $default  redução com regra 42 (MethodInvocation)


Estado 94

   43 MethodInvocation: ID LPAR Expr • CommaExprRep RPAR

    COMMA  troca e vai para estado 132

    $default  redução com regra 46 (CommaExprRep)

    CommaExprRep  vai para estado 133


Estado 95

   40 StatementRep: Statement StatementRep •

    $default  redução com regra 40 (StatementRep)


Estado 96

   27 Statement: LBRACE StatementRep RBRACE •

    $default  redução com regra 27 (Statement)


Estado 97

   28 Statement: IF LPAR Expr • RPAR Statement ELSE Statement
   29          | IF LPAR Expr • RPAR Statement

    RPAR  troca e vai para estado 134


Estado 98

   34 Statement: PRINT LPAR STRLIT • RPAR SEMICOLON

    RPAR  troca e vai para estado 135


Estado 99

   33 Statement: PRINT LPAR Expr • RPAR SEMICOLON

    RPAR  troca e vai para estado 136


Estado 100

   49 ParseArgs: PARSEINT LPAR error • RPAR

    RPAR  troca e vai para estado 137


Estado 101

   48 ParseArgs: PARSEINT LPAR ID • LSQ Expr RSQ RPAR

    LSQ  troca e vai para estado 138


Estado 102

   56 ExprOp: ID DOTLENGTH •

    $default  redução com regra 56 (ExprOp)


Estado 103

   79 ExprOp: LPAR error • RPAR

    RPAR  troca e vai para estado 139


Estado 104

   52 ExprOp: LPAR Expr • RPAR

    RPAR  troca e vai para estado 140


Estado 105

   42 MethodInvocation: ID • LPAR RPAR
   43                 | ID • LPAR Expr CommaExprRep RPAR
   44                 | ID • LPAR error RPAR
   55 ExprOp: ID •
   56       | ID • DOTLENGTH

    LPAR       troca e vai para estado 58
    DOTLENGTH  troca e vai para estado 102

    $default  redução com regra 55 (ExprOp)


Estado 106

   60 ExprOp: MINUS ExprOp •
   63       | ExprOp • PLUS ExprOp
   64       | ExprOp • MINUS ExprOp
   65       | ExprOp • STAR ExprOp
   66       | ExprOp • DIV ExprOp
   67       | ExprOp • MOD ExprOp
   68       | ExprOp • AND ExprOp
   69       | ExprOp • OR ExprOp
   70       | ExprOp • XOR ExprOp
   71       | ExprOp • LSHIFT ExprOp
   72       | ExprOp • RSHIFT ExprOp
   73       | ExprOp • EQ ExprOp
   74       | ExprOp • GE ExprOp
   75       | ExprOp • GT ExprOp
   76       | ExprOp • LE ExprOp
   77       | ExprOp • LT ExprOp
   78       | ExprOp • NE ExprOp

    $default  redução com regra 60 (ExprOp)


Estado 107

   61 ExprOp: NOT ExprOp •
   63       | ExprOp • PLUS ExprOp
   64       | ExprOp • MINUS ExprOp
   65       | ExprOp • STAR ExprOp
   66       | ExprOp • DIV ExprOp
   67       | ExprOp • MOD ExprOp
   68       | ExprOp • AND ExprOp
   69       | ExprOp • OR ExprOp
   70       | ExprOp • XOR ExprOp
   71       | ExprOp • LSHIFT ExprOp
   72       | ExprOp • RSHIFT ExprOp
   73       | ExprOp • EQ ExprOp
   74       | ExprOp • GE ExprOp
   75       | ExprOp • GT ExprOp
   76       | ExprOp • LE ExprOp
   77       | ExprOp • LT ExprOp
   78       | ExprOp • NE ExprOp

    $default  redução com regra 61 (ExprOp)


Estado 108

   62 ExprOp: PLUS ExprOp •
   63       | ExprOp • PLUS ExprOp
   64       | ExprOp • MINUS ExprOp
   65       | ExprOp • STAR ExprOp
   66       | ExprOp • DIV ExprOp
   67       | ExprOp • MOD ExprOp
   68       | ExprOp • AND ExprOp
   69       | ExprOp • OR ExprOp
   70       | ExprOp • XOR ExprOp
   71       | ExprOp • LSHIFT ExprOp
   72       | ExprOp • RSHIFT ExprOp
   73       | ExprOp • EQ ExprOp
   74       | ExprOp • GE ExprOp
   75       | ExprOp • GT ExprOp
   76       | ExprOp • LE ExprOp
   77       | ExprOp • LT ExprOp
   78       | ExprOp • NE ExprOp

    $default  redução com regra 62 (ExprOp)


Estado 109

   31 Statement: RETURN Expr SEMICOLON •

    $default  redução com regra 31 (Statement)


Estado 110

   68 ExprOp: ExprOp AND • ExprOp

    ID        troca e vai para estado 105
    INTLIT    troca e vai para estado 65
    REALLIT   troca e vai para estado 66
    BOOLLIT   troca e vai para estado 67
    LPAR      troca e vai para estado 68
    MINUS     troca e vai para estado 69
    NOT       troca e vai para estado 70
    PLUS      troca e vai para estado 71
    PARSEINT  troca e vai para estado 38

    MethodInvocation  vai para estado 73
    ParseArgs         vai para estado 75
    ExprOp            vai para estado 141


Estado 111

   65 ExprOp: ExprOp STAR • ExprOp

    ID        troca e vai para estado 105
    INTLIT    troca e vai para estado 65
    REALLIT   troca e vai para estado 66
    BOOLLIT   troca e vai para estado 67
    LPAR      troca e vai para estado 68
    MINUS     troca e vai para estado 69
    NOT       troca e vai para estado 70
    PLUS      troca e vai para estado 71
    PARSEINT  troca e vai para estado 38

    MethodInvocation  vai para estado 73
    ParseArgs         vai para estado 75
    ExprOp            vai para estado 142


Estado 112

   66 ExprOp: ExprOp DIV • ExprOp

    ID        troca e vai para estado 105
    INTLIT    troca e vai para estado 65
    REALLIT   troca e vai para estado 66
    BOOLLIT   troca e vai para estado 67
    LPAR      troca e vai para estado 68
    MINUS     troca e vai para estado 69
    NOT       troca e vai para estado 70
    PLUS      troca e vai para estado 71
    PARSEINT  troca e vai para estado 38

    MethodInvocation  vai para estado 73
    ParseArgs         vai para estado 75
    ExprOp            vai para estado 143


Estado 113

   73 ExprOp: ExprOp EQ • ExprOp

    ID        troca e vai para estado 105
    INTLIT    troca e vai para estado 65
    REALLIT   troca e vai para estado 66
    BOOLLIT   troca e vai para estado 67
    LPAR      troca e vai para estado 68
    MINUS     troca e vai para estado 69
    NOT       troca e vai para estado 70
    PLUS      troca e vai para estado 71
    PARSEINT  troca e vai para estado 38

    MethodInvocation  vai para estado 73
    ParseArgs         vai para estado 75
    ExprOp            vai para estado 144


Estado 114

   74 ExprOp: ExprOp GE • ExprOp

    ID        troca e vai para estado 105
    INTLIT    troca e vai para estado 65
    REALLIT   troca e vai para estado 66
    BOOLLIT   troca e vai para estado 67
    LPAR      troca e vai para estado 68
    MINUS     troca e vai para estado 69
    NOT       troca e vai para estado 70
    PLUS      troca e vai para estado 71
    PARSEINT  troca e vai para estado 38

    MethodInvocation  vai para estado 73
    ParseArgs         vai para estado 75
    ExprOp            vai para estado 145


Estado 115

   75 ExprOp: ExprOp GT • ExprOp

    ID        troca e vai para estado 105
    INTLIT    troca e vai para estado 65
    REALLIT   troca e vai para estado 66
    BOOLLIT   troca e vai para estado 67
    LPAR      troca e vai para estado 68
    MINUS     troca e vai para estado 69
    NOT       troca e vai para estado 70
    PLUS      troca e vai para estado 71
    PARSEINT  troca e vai para estado 38

    MethodInvocation  vai para estado 73
    ParseArgs         vai para estado 75
    ExprOp            vai para estado 146


Estado 116

   76 ExprOp: ExprOp LE • ExprOp

    ID        troca e vai para estado 105
    INTLIT    troca e vai para estado 65
    REALLIT   troca e vai para estado 66
    BOOLLIT   troca e vai para estado 67
    LPAR      troca e vai para estado 68
    MINUS     troca e vai para estado 69
    NOT       troca e vai para estado 70
    PLUS      troca e vai para estado 71
    PARSEINT  troca e vai para estado 38

    MethodInvocation  vai para estado 73
    ParseArgs         vai para estado 75
    ExprOp            vai para estado 147


Estado 117

   77 ExprOp: ExprOp LT • ExprOp

    ID        troca e vai para estado 105
    INTLIT    troca e vai para estado 65
    REALLIT   troca e vai para estado 66
    BOOLLIT   troca e vai para estado 67
    LPAR      troca e vai para estado 68
    MINUS     troca e vai para estado 69
    NOT       troca e vai para estado 70
    PLUS      troca e vai para estado 71
    PARSEINT  troca e vai para estado 38

    MethodInvocation  vai para estado 73
    ParseArgs         vai para estado 75
    ExprOp            vai para estado 148


Estado 118

   64 ExprOp: ExprOp MINUS • ExprOp

    ID        troca e vai para estado 105
    INTLIT    troca e vai para estado 65
    REALLIT   troca e vai para estado 66
    BOOLLIT   troca e vai para estado 67
    LPAR      troca e vai para estado 68
    MINUS     troca e vai para estado 69
    NOT       troca e vai para estado 70
    PLUS      troca e vai para estado 71
    PARSEINT  troca e vai para estado 38

    MethodInvocation  vai para estado 73
    ParseArgs         vai para estado 75
    ExprOp            vai para estado 149


Estado 119

   67 ExprOp: ExprOp MOD • ExprOp

    ID        troca e vai para estado 105
    INTLIT    troca e vai para estado 65
    REALLIT   troca e vai para estado 66
    BOOLLIT   troca e vai para estado 67
    LPAR      troca e vai para estado 68
    MINUS     troca e vai para estado 69
    NOT       troca e vai para estado 70
    PLUS      troca e vai para estado 71
    PARSEINT  troca e vai para estado 38

    MethodInvocation  vai para estado 73
    ParseArgs         vai para estado 75
    ExprOp            vai para estado 150


Estado 120

   78 ExprOp: ExprOp NE • ExprOp

    ID        troca e vai para estado 105
    INTLIT    troca e vai para estado 65
    REALLIT   troca e vai para estado 66
    BOOLLIT   troca e vai para estado 67
    LPAR      troca e vai para estado 68
    MINUS     troca e vai para estado 69
    NOT       troca e vai para estado 70
    PLUS      troca e vai para estado 71
    PARSEINT  troca e vai para estado 38

    MethodInvocation  vai para estado 73
    ParseArgs         vai para estado 75
    ExprOp            vai para estado 151


Estado 121

   69 ExprOp: ExprOp OR • ExprOp

    ID        troca e vai para estado 105
    INTLIT    troca e vai para estado 65
    REALLIT   troca e vai para estado 66
    BOOLLIT   troca e vai para estado 67
    LPAR      troca e vai para estado 68
    MINUS     troca e vai para estado 69
    NOT       troca e vai para estado 70
    PLUS      troca e vai para estado 71
    PARSEINT  troca e vai para estado 38

    MethodInvocation  vai para estado 73
    ParseArgs         vai para estado 75
    ExprOp            vai para estado 152


Estado 122

   63 ExprOp: ExprOp PLUS • ExprOp

    ID        troca e vai para estado 105
    INTLIT    troca e vai para estado 65
    REALLIT   troca e vai para estado 66
    BOOLLIT   troca e vai para estado 67
    LPAR      troca e vai para estado 68
    MINUS     troca e vai para estado 69
    NOT       troca e vai para estado 70
    PLUS      troca e vai para estado 71
    PARSEINT  troca e vai para estado 38

    MethodInvocation  vai para estado 73
    ParseArgs         vai para estado 75
    ExprOp            vai para estado 153


Estado 123

   71 ExprOp: ExprOp LSHIFT • ExprOp

    ID        troca e vai para estado 105
    INTLIT    troca e vai para estado 65
    REALLIT   troca e vai para estado 66
    BOOLLIT   troca e vai para estado 67
    LPAR      troca e vai para estado 68
    MINUS     troca e vai para estado 69
    NOT       troca e vai para estado 70
    PLUS      troca e vai para estado 71
    PARSEINT  troca e vai para estado 38

    MethodInvocation  vai para estado 73
    ParseArgs         vai para estado 75
    ExprOp            vai para estado 154


Estado 124

   72 ExprOp: ExprOp RSHIFT • ExprOp

    ID        troca e vai para estado 105
    INTLIT    troca e vai para estado 65
    REALLIT   troca e vai para estado 66
    BOOLLIT   troca e vai para estado 67
    LPAR      troca e vai para estado 68
    MINUS     troca e vai para estado 69
    NOT       troca e vai para estado 70
    PLUS      troca e vai para estado 71
    PARSEINT  troca e vai para estado 38

    MethodInvocation  vai para estado 73
    ParseArgs         vai para estado 75
    ExprOp            vai para estado 155


Estado 125

   70 ExprOp: ExprOp XOR • ExprOp

    ID        troca e vai para estado 105
    INTLIT    troca e vai para estado 65
    REALLIT   troca e vai para estado 66
    BOOLLIT   troca e vai para estado 67
    LPAR      troca e vai para estado 68
    MINUS     troca e vai para estado 69
    NOT       troca e vai para estado 70
    PLUS      troca e vai para estado 71
    PARSEINT  troca e vai para estado 38

    MethodInvocation  vai para estado 73
    ParseArgs         vai para estado 75
    ExprOp            vai para estado 156


Estado 126

   30 Statement: WHILE LPAR Expr • RPAR Statement

    RPAR  troca e vai para estado 157


Estado 127

   26 VarDecl: Type ID CommaIdRep • SEMICOLON

    SEMICOLON  troca e vai para estado 158


Estado 128

   19 FormalParams: STRING LSQ RSQ • ID

    ID  troca e vai para estado 159


Estado 129

   20 CommaTypeIdRep: COMMA • Type ID CommaTypeIdRep

    BOOL    troca e vai para estado 18
    DOUBLE  troca e vai para estado 19
    INT     troca e vai para estado 20

    Type  vai para estado 160


Estado 130

   18 FormalParams: Type ID CommaTypeIdRep •

    $default  redução com regra 18 (FormalParams)


Estado 131

   44 MethodInvocation: ID LPAR error RPAR •

    $default  redução com regra 44 (MethodInvocation)


Estado 132

   45 CommaExprRep: COMMA • Expr CommaExprRep

    ID        troca e vai para estado 64
    INTLIT    troca e vai para estado 65
    REALLIT   troca e vai para estado 66
    BOOLLIT   troca e vai para estado 67
    LPAR      troca e vai para estado 68
    MINUS     troca e vai para estado 69
    NOT       troca e vai para estado 70
    PLUS      troca e vai para estado 71
    PARSEINT  troca e vai para estado 38

    MethodInvocation  vai para estado 73
    Assignment        vai para estado 74
    ParseArgs         vai para estado 75
    Expr              vai para estado 161
    ExprOp            vai para estado 77


Estado 133

   43 MethodInvocation: ID LPAR Expr CommaExprRep • RPAR

    RPAR  troca e vai para estado 162


Estado 134

   28 Statement: IF LPAR Expr RPAR • Statement ELSE Statement
   29          | IF LPAR Expr RPAR • Statement

    error      troca e vai para estado 32
    ID         troca e vai para estado 33
    LBRACE     troca e vai para estado 34
    SEMICOLON  troca e vai para estado 35
    IF         troca e vai para estado 36
    PRINT      troca e vai para estado 37
    PARSEINT   troca e vai para estado 38
    RETURN     troca e vai para estado 39
    WHILE      troca e vai para estado 40

    Statement         vai para estado 163
    MethodInvocation  vai para estado 45
    Assignment        vai para estado 46
    ParseArgs         vai para estado 47


Estado 135

   34 Statement: PRINT LPAR STRLIT RPAR • SEMICOLON

    SEMICOLON  troca e vai para estado 164


Estado 136

   33 Statement: PRINT LPAR Expr RPAR • SEMICOLON

    SEMICOLON  troca e vai para estado 165


Estado 137

   49 ParseArgs: PARSEINT LPAR error RPAR •

    $default  redução com regra 49 (ParseArgs)


Estado 138

   48 ParseArgs: PARSEINT LPAR ID LSQ • Expr RSQ RPAR

    ID        troca e vai para estado 64
    INTLIT    troca e vai para estado 65
    REALLIT   troca e vai para estado 66
    BOOLLIT   troca e vai para estado 67
    LPAR      troca e vai para estado 68
    MINUS     troca e vai para estado 69
    NOT       troca e vai para estado 70
    PLUS      troca e vai para estado 71
    PARSEINT  troca e vai para estado 38

    MethodInvocation  vai para estado 73
    Assignment        vai para estado 74
    ParseArgs         vai para estado 75
    Expr              vai para estado 166
    ExprOp            vai para estado 77


Estado 139

   79 ExprOp: LPAR error RPAR •

    $default  redução com regra 79 (ExprOp)


Estado 140

   52 ExprOp: LPAR Expr RPAR •

    $default  redução com regra 52 (ExprOp)


Estado 141

   63 ExprOp: ExprOp • PLUS ExprOp
   64       | ExprOp • MINUS ExprOp
   65       | ExprOp • STAR ExprOp
   66       | ExprOp • DIV ExprOp
   67       | ExprOp • MOD ExprOp
   68       | ExprOp • AND ExprOp
   68       | ExprOp AND ExprOp •
   69       | ExprOp • OR ExprOp
   70       | ExprOp • XOR ExprOp
   71       | ExprOp • LSHIFT ExprOp
   72       | ExprOp • RSHIFT ExprOp
   73       | ExprOp • EQ ExprOp
   74       | ExprOp • GE ExprOp
   75       | ExprOp • GT ExprOp
   76       | ExprOp • LE ExprOp
   77       | ExprOp • LT ExprOp
   78       | ExprOp • NE ExprOp

    STAR    troca e vai para estado 111
    DIV     troca e vai para estado 112
    EQ      troca e vai para estado 113
    GE      troca e vai para estado 114
    GT      troca e vai para estado 115
    LE      troca e vai para estado 116
    LT      troca e vai para estado 117
    MINUS   troca e vai para estado 118
    MOD     troca e vai para estado 119
    NE      troca e vai para estado 120
    PLUS    troca e vai para estado 122
    LSHIFT  troca e vai para estado 123
    RSHIFT  troca e vai para estado 124
    XOR     troca e vai para estado 125

    $default  redução com regra 68 (ExprOp)


Estado 142

   63 ExprOp: ExprOp • PLUS ExprOp
   64       | ExprOp • MINUS ExprOp
   65       | ExprOp • STAR ExprOp
   65       | ExprOp STAR ExprOp •
   66       | ExprOp • DIV ExprOp
   67       | ExprOp • MOD ExprOp
   68       | ExprOp • AND ExprOp
   69       | ExprOp • OR ExprOp
   70       | ExprOp • XOR ExprOp
   71       | ExprOp • LSHIFT ExprOp
   72       | ExprOp • RSHIFT ExprOp
   73       | ExprOp • EQ ExprOp
   74       | ExprOp • GE ExprOp
   75       | ExprOp • GT ExprOp
   76       | ExprOp • LE ExprOp
   77       | ExprOp • LT ExprOp
   78       | ExprOp • NE ExprOp

    $default  redução com regra 65 (ExprOp)


Estado 143

   63 ExprOp: ExprOp • PLUS ExprOp
   64       | ExprOp • MINUS ExprOp
   65       | ExprOp • STAR ExprOp
   66       | ExprOp • DIV ExprOp
   66       | ExprOp DIV ExprOp •
   67       | ExprOp • MOD ExprOp
   68       | ExprOp • AND ExprOp
   69       | ExprOp • OR ExprOp
   70       | ExprOp • XOR ExprOp
   71       | ExprOp • LSHIFT ExprOp
   72       | ExprOp • RSHIFT ExprOp
   73       | ExprOp • EQ ExprOp
   74       | ExprOp • GE ExprOp
   75       | ExprOp • GT ExprOp
   76       | ExprOp • LE ExprOp
   77       | ExprOp • LT ExprOp
   78       | ExprOp • NE ExprOp

    $default  redução com regra 66 (ExprOp)


Estado 144

   63 ExprOp: ExprOp • PLUS ExprOp
   64       | ExprOp • MINUS ExprOp
   65       | ExprOp • STAR ExprOp
   66       | ExprOp • DIV ExprOp
   67       | ExprOp • MOD ExprOp
   68       | ExprOp • AND ExprOp
   69       | ExprOp • OR ExprOp
   70       | ExprOp • XOR ExprOp
   71       | ExprOp • LSHIFT ExprOp
   72       | ExprOp • RSHIFT ExprOp
   73       | ExprOp • EQ ExprOp
   73       | ExprOp EQ ExprOp •
   74       | ExprOp • GE ExprOp
   75       | ExprOp • GT ExprOp
   76       | ExprOp • LE ExprOp
   77       | ExprOp • LT ExprOp
   78       | ExprOp • NE ExprOp

    STAR    troca e vai para estado 111
    DIV     troca e vai para estado 112
    GE      troca e vai para estado 114
    GT      troca e vai para estado 115
    LE      troca e vai para estado 116
    LT      troca e vai para estado 117
    MINUS   troca e vai para estado 118
    MOD     troca e vai para estado 119
    PLUS    troca e vai para estado 122
    LSHIFT  troca e vai para estado 123
    RSHIFT  troca e vai para estado 124

    $default  redução com regra 73 (ExprOp)


Estado 145

   63 ExprOp: ExprOp • PLUS ExprOp
   64       | ExprOp • MINUS ExprOp
   65       | ExprOp • STAR ExprOp
   66       | ExprOp • DIV ExprOp
   67       | ExprOp • MOD ExprOp
   68       | ExprOp • AND ExprOp
   69       | ExprOp • OR ExprOp
   70       | ExprOp • XOR ExprOp
   71       | ExprOp • LSHIFT ExprOp
   72       | ExprOp • RSHIFT ExprOp
   73       | ExprOp • EQ ExprOp
   74       | ExprOp • GE ExprOp
   74       | ExprOp GE ExprOp •
   75       | ExprOp • GT ExprOp
   76       | ExprOp • LE ExprOp
   77       | ExprOp • LT ExprOp
   78       | ExprOp • NE ExprOp

    STAR    troca e vai para estado 111
    DIV     troca e vai para estado 112
    MINUS   troca e vai para estado 118
    MOD     troca e vai para estado 119
    PLUS    troca e vai para estado 122
    LSHIFT  troca e vai para estado 123
    RSHIFT  troca e vai para estado 124

    $default  redução com regra 74 (ExprOp)


Estado 146

   63 ExprOp: ExprOp • PLUS ExprOp
   64       | ExprOp • MINUS ExprOp
   65       | ExprOp • STAR ExprOp
   66       | ExprOp • DIV ExprOp
   67       | ExprOp • MOD ExprOp
   68       | ExprOp • AND ExprOp
   69       | ExprOp • OR ExprOp
   70       | ExprOp • XOR ExprOp
   71       | ExprOp • LSHIFT ExprOp
   72       | ExprOp • RSHIFT ExprOp
   73       | ExprOp • EQ ExprOp
   74       | ExprOp • GE ExprOp
   75       | ExprOp • GT ExprOp
   75       | ExprOp GT ExprOp •
   76       | ExprOp • LE ExprOp
   77       | ExprOp • LT ExprOp
   78       | ExprOp • NE ExprOp

    STAR    troca e vai para estado 111
    DIV     troca e vai para estado 112
    MINUS   troca e vai para estado 118
    MOD     troca e vai para estado 119
    PLUS    troca e vai para estado 122
    LSHIFT  troca e vai para estado 123
    RSHIFT  troca e vai para estado 124

    $default  redução com regra 75 (ExprOp)


Estado 147

   63 ExprOp: ExprOp • PLUS ExprOp
   64       | ExprOp • MINUS ExprOp
   65       | ExprOp • STAR ExprOp
   66       | ExprOp • DIV ExprOp
   67       | ExprOp • MOD ExprOp
   68       | ExprOp • AND ExprOp
   69       | ExprOp • OR ExprOp
   70       | ExprOp • XOR ExprOp
   71       | ExprOp • LSHIFT ExprOp
   72       | ExprOp • RSHIFT ExprOp
   73       | ExprOp • EQ ExprOp
   74       | ExprOp • GE ExprOp
   75       | ExprOp • GT ExprOp
   76       | ExprOp • LE ExprOp
   76       | ExprOp LE ExprOp •
   77       | ExprOp • LT ExprOp
   78       | ExprOp • NE ExprOp

    STAR    troca e vai para estado 111
    DIV     troca e vai para estado 112
    MINUS   troca e vai para estado 118
    MOD     troca e vai para estado 119
    PLUS    troca e vai para estado 122
    LSHIFT  troca e vai para estado 123
    RSHIFT  troca e vai para estado 124

    $default  redução com regra 76 (ExprOp)


Estado 148

   63 ExprOp: ExprOp • PLUS ExprOp
   64       | ExprOp • MINUS ExprOp
   65       | ExprOp • STAR ExprOp
   66       | ExprOp • DIV ExprOp
   67       | ExprOp • MOD ExprOp
   68       | ExprOp • AND ExprOp
   69       | ExprOp • OR ExprOp
   70       | ExprOp • XOR ExprOp
   71       | ExprOp • LSHIFT ExprOp
   72       | ExprOp • RSHIFT ExprOp
   73       | ExprOp • EQ ExprOp
   74       | ExprOp • GE ExprOp
   75       | ExprOp • GT ExprOp
   76       | ExprOp • LE ExprOp
   77       | ExprOp • LT ExprOp
   77       | ExprOp LT ExprOp •
   78       | ExprOp • NE ExprOp

    STAR    troca e vai para estado 111
    DIV     troca e vai para estado 112
    MINUS   troca e vai para estado 118
    MOD     troca e vai para estado 119
    PLUS    troca e vai para estado 122
    LSHIFT  troca e vai para estado 123
    RSHIFT  troca e vai para estado 124

    $default  redução com regra 77 (ExprOp)


Estado 149

   63 ExprOp: ExprOp • PLUS ExprOp
   64       | ExprOp • MINUS ExprOp
   64       | ExprOp MINUS ExprOp •
   65       | ExprOp • STAR ExprOp
   66       | ExprOp • DIV ExprOp
   67       | ExprOp • MOD ExprOp
   68       | ExprOp • AND ExprOp
   69       | ExprOp • OR ExprOp
   70       | ExprOp • XOR ExprOp
   71       | ExprOp • LSHIFT ExprOp
   72       | ExprOp • RSHIFT ExprOp
   73       | ExprOp • EQ ExprOp
   74       | ExprOp • GE ExprOp
   75       | ExprOp • GT ExprOp
   76       | ExprOp • LE ExprOp
   77       | ExprOp • LT ExprOp
   78       | ExprOp • NE ExprOp

    STAR  troca e vai para estado 111
    DIV   troca e vai para estado 112
    MOD   troca e vai para estado 119

    $default  redução com regra 64 (ExprOp)


Estado 150

   63 ExprOp: ExprOp • PLUS ExprOp
   64       | ExprOp • MINUS ExprOp
   65       | ExprOp • STAR ExprOp
   66       | ExprOp • DIV ExprOp
   67       | ExprOp • MOD ExprOp
   67       | ExprOp MOD ExprOp •
   68       | ExprOp • AND ExprOp
   69       | ExprOp • OR ExprOp
   70       | ExprOp • XOR ExprOp
   71       | ExprOp • LSHIFT ExprOp
   72       | ExprOp • RSHIFT ExprOp
   73       | ExprOp • EQ ExprOp
   74       | ExprOp • GE ExprOp
   75       | ExprOp • GT ExprOp
   76       | ExprOp • LE ExprOp
   77       | ExprOp • LT ExprOp
   78       | ExprOp • NE ExprOp

    $default  redução com regra 67 (ExprOp)


Estado 151

   63 ExprOp: ExprOp • PLUS ExprOp
   64       | ExprOp • MINUS ExprOp
   65       | ExprOp • STAR ExprOp
   66       | ExprOp • DIV ExprOp
   67       | ExprOp • MOD ExprOp
   68       | ExprOp • AND ExprOp
   69       | ExprOp • OR ExprOp
   70       | ExprOp • XOR ExprOp
   71       | ExprOp • LSHIFT ExprOp
   72       | ExprOp • RSHIFT ExprOp
   73       | ExprOp • EQ ExprOp
   74       | ExprOp • GE ExprOp
   75       | ExprOp • GT ExprOp
   76       | ExprOp • LE ExprOp
   77       | ExprOp • LT ExprOp
   78       | ExprOp • NE ExprOp
   78       | ExprOp NE ExprOp •

    STAR    troca e vai para estado 111
    DIV     troca e vai para estado 112
    GE      troca e vai para estado 114
    GT      troca e vai para estado 115
    LE      troca e vai para estado 116
    LT      troca e vai para estado 117
    MINUS   troca e vai para estado 118
    MOD     troca e vai para estado 119
    PLUS    troca e vai para estado 122
    LSHIFT  troca e vai para estado 123
    RSHIFT  troca e vai para estado 124

    $default  redução com regra 78 (ExprOp)


Estado 152

   63 ExprOp: ExprOp • PLUS ExprOp
   64       | ExprOp • MINUS ExprOp
   65       | ExprOp • STAR ExprOp
   66       | ExprOp • DIV ExprOp
   67       | ExprOp • MOD ExprOp
   68       | ExprOp • AND ExprOp
   69       | ExprOp • OR ExprOp
   69       | ExprOp OR ExprOp •
   70       | ExprOp • XOR ExprOp
   71       | ExprOp • LSHIFT ExprOp
   72       | ExprOp • RSHIFT ExprOp
   73       | ExprOp • EQ ExprOp
   74       | ExprOp • GE ExprOp
   75       | ExprOp • GT ExprOp
   76       | ExprOp • LE ExprOp
   77       | ExprOp • LT ExprOp
   78       | ExprOp • NE ExprOp

    AND     troca e vai para estado 110
    STAR    troca e vai para estado 111
    DIV     troca e vai para estado 112
    EQ      troca e vai para estado 113
    GE      troca e vai para estado 114
    GT      troca e vai para estado 115
    LE      troca e vai para estado 116
    LT      troca e vai para estado 117
    MINUS   troca e vai para estado 118
    MOD     troca e vai para estado 119
    NE      troca e vai para estado 120
    PLUS    troca e vai para estado 122
    LSHIFT  troca e vai para estado 123
    RSHIFT  troca e vai para estado 124
    XOR     troca e vai para estado 125

    $default  redução com regra 69 (ExprOp)


Estado 153

   63 ExprOp: ExprOp • PLUS ExprOp
   63       | ExprOp PLUS ExprOp •
   64       | ExprOp • MINUS ExprOp
   65       | ExprOp • STAR ExprOp
   66       | ExprOp • DIV ExprOp
   67       | ExprOp • MOD ExprOp
   68       | ExprOp • AND ExprOp
   69       | ExprOp • OR ExprOp
   70       | ExprOp • XOR ExprOp
   71       | ExprOp • LSHIFT ExprOp
   72       | ExprOp • RSHIFT ExprOp
   73       | ExprOp • EQ ExprOp
   74       | ExprOp • GE ExprOp
   75       | ExprOp • GT ExprOp
   76       | ExprOp • LE ExprOp
   77       | ExprOp • LT ExprOp
   78       | ExprOp • NE ExprOp

    STAR  troca e vai para estado 111
    DIV   troca e vai para estado 112
    MOD   troca e vai para estado 119

    $default  redução com regra 63 (ExprOp)


Estado 154

   63 ExprOp: ExprOp • PLUS ExprOp
   64       | ExprOp • MINUS ExprOp
   65       | ExprOp • STAR ExprOp
   66       | ExprOp • DIV ExprOp
   67       | ExprOp • MOD ExprOp
   68       | ExprOp • AND ExprOp
   69       | ExprOp • OR ExprOp
   70       | ExprOp • XOR ExprOp
   71       | ExprOp • LSHIFT ExprOp
   71       | ExprOp LSHIFT ExprOp •
   72       | ExprOp • RSHIFT ExprOp
   73       | ExprOp • EQ ExprOp
   74       | ExprOp • GE ExprOp
   75       | ExprOp • GT ExprOp
   76       | ExprOp • LE ExprOp
   77       | ExprOp • LT ExprOp
   78       | ExprOp • NE ExprOp

    STAR   troca e vai para estado 111
    DIV    troca e vai para estado 112
    MINUS  troca e vai para estado 118
    MOD    troca e vai para estado 119
    PLUS   troca e vai para estado 122

    $default  redução com regra 71 (ExprOp)


Estado 155

   63 ExprOp: ExprOp • PLUS ExprOp
   64       | ExprOp • MINUS ExprOp
   65       | ExprOp • STAR ExprOp
   66       | ExprOp • DIV ExprOp
   67       | ExprOp • MOD ExprOp
   68       | ExprOp • AND ExprOp
   69       | ExprOp • OR ExprOp
   70       | ExprOp • XOR ExprOp
   71       | ExprOp • LSHIFT ExprOp
   72       | ExprOp • RSHIFT ExprOp
   72       | ExprOp RSHIFT ExprOp •
   73       | ExprOp • EQ ExprOp
   74       | ExprOp • GE ExprOp
   75       | ExprOp • GT ExprOp
   76       | ExprOp • LE ExprOp
   77       | ExprOp • LT ExprOp
   78       | ExprOp • NE ExprOp

    STAR   troca e vai para estado 111
    DIV    troca e vai para estado 112
    MINUS  troca e vai para estado 118
    MOD    troca e vai para estado 119
    PLUS   troca e vai para estado 122

    $default  redução com regra 72 (ExprOp)


Estado 156

   63 ExprOp: ExprOp • PLUS ExprOp
   64       | ExprOp • MINUS ExprOp
   65       | ExprOp • STAR ExprOp
   66       | ExprOp • DIV ExprOp
   67       | ExprOp • MOD ExprOp
   68       | ExprOp • AND ExprOp
   69       | ExprOp • OR ExprOp
   70       | ExprOp • XOR ExprOp
   70       | ExprOp XOR ExprOp •
   71       | ExprOp • LSHIFT ExprOp
   72       | ExprOp • RSHIFT ExprOp
   73       | ExprOp • EQ ExprOp
   74       | ExprOp • GE ExprOp
   75       | ExprOp • GT ExprOp
   76       | ExprOp • LE ExprOp
   77       | ExprOp • LT ExprOp
   78       | ExprOp • NE ExprOp

    STAR    troca e vai para estado 111
    DIV     troca e vai para estado 112
    EQ      troca e vai para estado 113
    GE      troca e vai para estado 114
    GT      troca e vai para estado 115
    LE      troca e vai para estado 116
    LT      troca e vai para estado 117
    MINUS   troca e vai para estado 118
    MOD     troca e vai para estado 119
    NE      troca e vai para estado 120
    PLUS    troca e vai para estado 122
    LSHIFT  troca e vai para estado 123
    RSHIFT  troca e vai para estado 124

    $default  redução com regra 70 (ExprOp)


Estado 157

   30 Statement: WHILE LPAR Expr RPAR • Statement

    error      troca e vai para estado 32
    ID         troca e vai para estado 33
    LBRACE     troca e vai para estado 34
    SEMICOLON  troca e vai para estado 35
    IF         troca e vai para estado 36
    PRINT      troca e vai para estado 37
    PARSEINT   troca e vai para estado 38
    RETURN     troca e vai para estado 39
    WHILE      troca e vai para estado 40

    Statement         vai para estado 167
    MethodInvocation  vai para estado 45
    Assignment        vai para estado 46
    ParseArgs         vai para estado 47


Estado 158

   26 VarDecl: Type ID CommaIdRep SEMICOLON •

    $default  redução com regra 26 (VarDecl)


Estado 159

   19 FormalParams: STRING LSQ RSQ ID •

    $default  redução com regra 19 (FormalParams)


Estado 160

   20 CommaTypeIdRep: COMMA Type • ID CommaTypeIdRep

    ID  troca e vai para estado 168


Estado 161

   45 CommaExprRep: COMMA Expr • CommaExprRep

    COMMA  troca e vai para estado 132

    $default  redução com regra 46 (CommaExprRep)

    CommaExprRep  vai para estado 169


Estado 162

   43 MethodInvocation: ID LPAR Expr CommaExprRep RPAR •

    $default  redução com regra 43 (MethodInvocation)


Estado 163

   28 Statement: IF LPAR Expr RPAR Statement • ELSE Statement
   29          | IF LPAR Expr RPAR Statement •

    ELSE  troca e vai para estado 170

    $default  redução com regra 29 (Statement)


Estado 164

   34 Statement: PRINT LPAR STRLIT RPAR SEMICOLON •

    $default  redução com regra 34 (Statement)


Estado 165

   33 Statement: PRINT LPAR Expr RPAR SEMICOLON •

    $default  redução com regra 33 (Statement)


Estado 166

   48 ParseArgs: PARSEINT LPAR ID LSQ Expr • RSQ RPAR

    RSQ  troca e vai para estado 171


Estado 167

   30 Statement: WHILE LPAR Expr RPAR Statement •

    $default  redução com regra 30 (Statement)


Estado 168

   20 CommaTypeIdRep: COMMA Type ID • CommaTypeIdRep

    COMMA  troca e vai para estado 129

    $default  redução com regra 21 (CommaTypeIdRep)

    CommaTypeIdRep  vai para estado 172


Estado 169

   45 CommaExprRep: COMMA Expr CommaExprRep •

    $default  redução com regra 45 (CommaExprRep)


Estado 170

   28 Statement: IF LPAR Expr RPAR Statement ELSE • Statement

    error      troca e vai para estado 32
    ID         troca e vai para estado 33
    LBRACE     troca e vai para estado 34
    SEMICOLON  troca e vai para estado 35
    IF         troca e vai para estado 36
    PRINT      troca e vai para estado 37
    PARSEINT   troca e vai para estado 38
    RETURN     troca e vai para estado 39
    WHILE      troca e vai para estado 40

    Statement         vai para estado 173
    MethodInvocation  vai para estado 45
    Assignment        vai para estado 46
    ParseArgs         vai para estado 47


Estado 171

   48 ParseArgs: PARSEINT LPAR ID LSQ Expr RSQ • RPAR

    RPAR  troca e vai para estado 174


Estado 172

   20 CommaTypeIdRep: COMMA Type ID CommaTypeIdRep •

    $default  redução com regra 20 (CommaTypeIdRep)


Estado 173

   28 Statement: IF LPAR Expr RPAR Statement ELSE Statement •

    $default  redução com regra 28 (Statement)


Estado 174

   48 ParseArgs: PARSEINT LPAR ID LSQ Expr RSQ RPAR •

    $default  redução com regra 48 (ParseArgs)
